<?xml version="1.0" encoding="UTF-8"?>
<!-- Generated by org.testng.reporters.JUnitReportReporter -->
<testsuite hostname="PsYcHoDrOid" failures="0" tests="12" name="com.test.HomePageTestCases" time="2.535" errors="0" timestamp="2023-02-13T13:26:31 IST" skipped="9">
  <testcase classname="com.test.HomePageTestCases" name="ClickSignupButton" time="0.280"/>
  <system-out/>
  <testcase classname="com.test.HomePageTestCases" name="signup" time="2.042"/>
  <system-out/>
  <testcase classname="com.test.HomePageTestCases" name="ClickSCloseButton" time="0.213"/>
  <system-out/>
  <testcase classname="com.test.HomePageTestCases" name="Home">
    <skipped/>
  </testcase> <!-- Home -->
  <system-out/>
  <testcase classname="com.test.HomePageTestCases" name="ClickLCloseButton">
    <skipped/>
  </testcase> <!-- ClickLCloseButton -->
  <system-out/>
  <testcase classname="com.test.HomePageTestCases" name="loginClick">
    <skipped/>
  </testcase> <!-- loginClick -->
  <system-out/>
  <testcase classname="com.test.HomePageTestCases" name="AboutUs">
    <skipped/>
  </testcase> <!-- AboutUs -->
  <system-out/>
  <testcase classname="com.test.HomePageTestCases" name="Sendmessage">
    <skipped/>
  </testcase> <!-- Sendmessage -->
  <system-out/>
  <testcase classname="com.test.HomePageTestCases" name="Contact">
    <skipped/>
  </testcase> <!-- Contact -->
  <system-out/>
  <testcase classname="com.test.HomePageTestCases" name="CloseAboutUs">
    <skipped/>
  </testcase> <!-- CloseAboutUs -->
  <system-out/>
  <testcase classname="com.test.HomePageTestCases" name="Login">
    <skipped/>
  </testcase> <!-- Login -->
  <system-out/>
  <testcase classname="com.test.HomePageTestCases" name="ClickCart">
    <skipped/>
  </testcase> <!-- ClickCart -->
  <system-out/>
</testsuite> <!-- com.test.HomePageTestCases -->
