<?xml version="1.0" encoding="UTF-8"?>
<!-- Generated by org.testng.reporters.JUnitReportReporter -->
<testsuite hostname="PsYcHoDrOid" failures="0" tests="1" name="com.test.FirstTest" time="11.122" errors="0" timestamp="2023-02-12T13:50:27 IST" skipped="0">
  <testcase classname="com.test.FirstTest" name="loginClick" time="11.122"/>
  <system-out/>
</testsuite> <!-- com.test.FirstTest -->
